<?xml version="1.0" encoding="UTF-8"?>
<testsuite name="com.example.demo.DemoApplicationTest" tests="1" skipped="0" failures="0" errors="0" timestamp="2025-08-13T03:07:50" hostname="m-nakamura-ggs-local.local" time="0.055">
  <properties/>
  <testcase name="contextLoads()" classname="com.example.demo.DemoApplicationTest" time="0.055"/>
  <system-out><![CDATA[12:07:47.007 [Test worker] DEBUG org.springframework.test.context.BootstrapUtils - Instantiating CacheAwareContextLoaderDelegate from class [org.springframework.test.context.cache.DefaultCacheAwareContextLoaderDelegate]
12:07:47.017 [Test worker] DEBUG org.springframework.test.context.BootstrapUtils - Instantiating BootstrapContext using constructor [public org.springframework.test.context.support.DefaultBootstrapContext(java.lang.Class,org.springframework.test.context.CacheAwareContextLoaderDelegate)]
12:07:47.051 [Test worker] DEBUG org.springframework.test.context.BootstrapUtils - Instantiating TestContextBootstrapper for test class [com.example.demo.DemoApplicationTest] from class [org.springframework.boot.test.context.SpringBootTestContextBootstrapper]
12:07:47.061 [Test worker] INFO org.springframework.boot.test.context.SpringBootTestContextBootstrapper - Neither @ContextConfiguration nor @ContextHierarchy found for test class [com.example.demo.DemoApplicationTest], using SpringBootContextLoader
12:07:47.065 [Test worker] DEBUG org.springframework.test.context.support.AbstractContextLoader - Did not detect default resource location for test class [com.example.demo.DemoApplicationTest]: class path resource [com/example/demo/DemoApplicationTest-context.xml] does not exist
12:07:47.065 [Test worker] DEBUG org.springframework.test.context.support.AbstractContextLoader - Did not detect default resource location for test class [com.example.demo.DemoApplicationTest]: class path resource [com/example/demo/DemoApplicationTestContext.groovy] does not exist
12:07:47.065 [Test worker] INFO org.springframework.test.context.support.AbstractContextLoader - Could not detect default resource locations for test class [com.example.demo.DemoApplicationTest]: no resource found for suffixes {-context.xml, Context.groovy}.
12:07:47.066 [Test worker] INFO org.springframework.test.context.support.AnnotationConfigContextLoaderUtils - Could not detect default configuration classes for test class [com.example.demo.DemoApplicationTest]: DemoApplicationTest does not declare any static, non-private, non-final, nested classes annotated with @Configuration.
12:07:47.100 [Test worker] DEBUG org.springframework.test.context.support.ActiveProfilesUtils - Could not find an 'annotation declaring class' for annotation type [org.springframework.test.context.ActiveProfiles] and class [com.example.demo.DemoApplicationTest]
12:07:47.151 [Test worker] DEBUG org.springframework.context.annotation.ClassPathScanningCandidateComponentProvider - Identified candidate component class: file [/Users/m-nakamura-ggs-local/github/m-nakamura.ggs/OAuthWithJavaSample/google-login-project/backend/build/classes/java/main/com/example/demo/DemoApplication.class]
12:07:47.152 [Test worker] INFO org.springframework.boot.test.context.SpringBootTestContextBootstrapper - Found @SpringBootConfiguration com.example.demo.DemoApplication for test class com.example.demo.DemoApplicationTest
12:07:47.230 [Test worker] DEBUG org.springframework.boot.test.context.SpringBootTestContextBootstrapper - @TestExecutionListeners is not present for class [com.example.demo.DemoApplicationTest]: using defaults.
12:07:47.234 [Test worker] INFO org.springframework.boot.test.context.SpringBootTestContextBootstrapper - Loaded default TestExecutionListener class names from location [META-INF/spring.factories]: [org.springframework.security.test.context.support.WithSecurityContextTestExecutionListener, org.springframework.security.test.context.support.ReactorContextTestExecutionListener, org.springframework.boot.test.autoconfigure.restdocs.RestDocsTestExecutionListener, org.springframework.boot.test.autoconfigure.web.client.MockRestServiceServerResetTestExecutionListener, org.springframework.boot.test.autoconfigure.web.servlet.MockMvcPrintOnlyOnFailureTestExecutionListener, org.springframework.boot.test.autoconfigure.web.servlet.WebDriverTestExecutionListener, org.springframework.boot.test.autoconfigure.webservices.client.MockWebServiceServerTestExecutionListener, org.springframework.boot.test.mock.mockito.MockitoTestExecutionListener, org.springframework.boot.test.mock.mockito.ResetMocksTestExecutionListener, org.springframework.test.context.web.ServletTestExecutionListener, org.springframework.test.context.support.DirtiesContextBeforeModesTestExecutionListener, org.springframework.test.context.event.ApplicationEventsTestExecutionListener, org.springframework.test.context.support.DependencyInjectionTestExecutionListener, org.springframework.test.context.support.DirtiesContextTestExecutionListener, org.springframework.test.context.transaction.TransactionalTestExecutionListener, org.springframework.test.context.jdbc.SqlScriptsTestExecutionListener, org.springframework.test.context.event.EventPublishingTestExecutionListener]
12:07:47.258 [Test worker] INFO org.springframework.boot.test.context.SpringBootTestContextBootstrapper - Using TestExecutionListeners: [org.springframework.test.context.web.ServletTestExecutionListener@5b0835cb, org.springframework.test.context.support.DirtiesContextBeforeModesTestExecutionListener@68229a6, org.springframework.test.context.event.ApplicationEventsTestExecutionListener@62615be, org.springframework.boot.test.mock.mockito.MockitoTestExecutionListener@477bea57, org.springframework.boot.test.autoconfigure.SpringBootDependencyInjectionTestExecutionListener@5dc7391e, org.springframework.test.context.support.DirtiesContextTestExecutionListener@4a9ff419, org.springframework.test.context.transaction.TransactionalTestExecutionListener@7ca29311, org.springframework.test.context.jdbc.SqlScriptsTestExecutionListener@6493f780, org.springframework.security.test.context.support.WithSecurityContextTestExecutionListener@782dc5, org.springframework.test.context.event.EventPublishingTestExecutionListener@35f22eef, org.springframework.security.test.context.support.ReactorContextTestExecutionListener@5d20195b, org.springframework.boot.test.autoconfigure.restdocs.RestDocsTestExecutionListener@2674ca88, org.springframework.boot.test.autoconfigure.web.client.MockRestServiceServerResetTestExecutionListener@67a3dd86, org.springframework.boot.test.autoconfigure.web.servlet.MockMvcPrintOnlyOnFailureTestExecutionListener@430212cb, org.springframework.boot.test.autoconfigure.web.servlet.WebDriverTestExecutionListener@1eb52131, org.springframework.boot.test.autoconfigure.webservices.client.MockWebServiceServerTestExecutionListener@1e1598e5, org.springframework.boot.test.mock.mockito.ResetMocksTestExecutionListener@67a3394c]
12:07:47.261 [Test worker] DEBUG org.springframework.test.context.support.AbstractDirtiesContextTestExecutionListener - Before test class: context [DefaultTestContext@535be281 testClass = DemoApplicationTest, testInstance = [null], testMethod = [null], testException = [null], mergedContextConfiguration = [WebMergedContextConfiguration@20db19ff testClass = DemoApplicationTest, locations = '{}', classes = '{class com.example.demo.DemoApplication}', contextInitializerClasses = '[]', activeProfiles = '{}', propertySourceLocations = '{}', propertySourceProperties = '{org.springframework.boot.test.context.SpringBootTestContextBootstrapper=true}', contextCustomizers = set[org.springframework.boot.test.autoconfigure.actuate.metrics.MetricsExportContextCustomizerFactory$DisableMetricExportContextCustomizer@68e5c7ae, org.springframework.boot.test.autoconfigure.properties.PropertyMappingContextCustomizer@0, org.springframework.boot.test.autoconfigure.web.servlet.WebDriverContextCustomizerFactory$Customizer@66451058, org.springframework.boot.test.context.filter.ExcludeFilterContextCustomizer@2baac4a7, org.springframework.boot.test.json.DuplicateJsonObjectContextCustomizerFactory$DuplicateJsonObjectContextCustomizer@2450256f, org.springframework.boot.test.mock.mockito.MockitoContextCustomizer@0, org.springframework.boot.test.web.client.TestRestTemplateContextCustomizer@7f12094d, org.springframework.boot.test.context.SpringBootTestArgs@1, org.springframework.boot.test.context.SpringBootTestWebEnvironment@7159139f], resourceBasePath = 'src/main/webapp', contextLoader = 'org.springframework.boot.test.context.SpringBootContextLoader', parent = [null]], attributes = map['org.springframework.test.context.web.ServletTestExecutionListener.activateListener' -> true]], class annotated with @DirtiesContext [false] with mode [null].

  .   ____          _            __ _ _
 /\\ / ___'_ __ _ _(_)_ __  __ _ \ \ \ \
( ( )\___ | '_ | '_| | '_ \/ _` | \ \ \ \
 \\/  ___)| |_)| | | | | || (_| |  ) ) ) )
  '  |____| .__|_| |_|_| |_\__, | / / / /
 =========|_|==============|___/=/_/_/_/
 :: Spring Boot ::               (v2.7.15)

2025-08-13 12:07:47.547  INFO 88258 --- [    Test worker] com.example.demo.DemoApplicationTest     : Starting DemoApplicationTest using Java 1.8.0_442 on m-nakamura-ggs-local.local with PID 88258 (started by m-nakamura-ggs-local in /Users/m-nakamura-ggs-local/github/m-nakamura.ggs/OAuthWithJavaSample/google-login-project/backend)
2025-08-13 12:07:47.548  INFO 88258 --- [    Test worker] com.example.demo.DemoApplicationTest     : No active profile set, falling back to 1 default profile: "default"
2025-08-13 12:07:48.055  INFO 88258 --- [    Test worker] .s.d.r.c.RepositoryConfigurationDelegate : Bootstrapping Spring Data JPA repositories in DEFAULT mode.
2025-08-13 12:07:48.098  INFO 88258 --- [    Test worker] .s.d.r.c.RepositoryConfigurationDelegate : Finished Spring Data repository scanning in 36 ms. Found 2 JPA repository interfaces.
2025-08-13 12:07:48.589  INFO 88258 --- [    Test worker] o.hibernate.jpa.internal.util.LogHelper  : HHH000204: Processing PersistenceUnitInfo [name: default]
2025-08-13 12:07:48.635  INFO 88258 --- [    Test worker] org.hibernate.Version                    : HHH000412: Hibernate ORM core version 5.6.15.Final
2025-08-13 12:07:48.813  INFO 88258 --- [    Test worker] o.hibernate.annotations.common.Version   : HCANN000001: Hibernate Commons Annotations {5.1.2.Final}
2025-08-13 12:07:48.910  INFO 88258 --- [    Test worker] com.zaxxer.hikari.HikariDataSource       : HikariPool-1 - Starting...
2025-08-13 12:07:49.153  INFO 88258 --- [    Test worker] com.zaxxer.hikari.HikariDataSource       : HikariPool-1 - Start completed.
2025-08-13 12:07:49.170  INFO 88258 --- [    Test worker] org.hibernate.dialect.Dialect            : HHH000400: Using dialect: org.hibernate.dialect.H2Dialect
2025-08-13 12:07:49.832  INFO 88258 --- [    Test worker] o.h.e.t.j.p.i.JtaPlatformInitiator       : HHH000490: Using JtaPlatform implementation: [org.hibernate.engine.transaction.jta.platform.internal.NoJtaPlatform]
2025-08-13 12:07:49.840  INFO 88258 --- [    Test worker] j.LocalContainerEntityManagerFactoryBean : Initialized JPA EntityManagerFactory for persistence unit 'default'
2025-08-13 12:07:50.228  WARN 88258 --- [    Test worker] .s.s.UserDetailsServiceAutoConfiguration : 

Using generated security password: d19089bf-95fe-4792-b42d-6bfc09a80955

This generated password is for development use only. Your security configuration must be updated before running your application in production.

2025-08-13 12:07:50.379  INFO 88258 --- [    Test worker] o.s.s.web.DefaultSecurityFilterChain     : Will secure any request with [org.springframework.security.web.session.DisableEncodeUrlFilter@7a26d3a, org.springframework.security.web.context.request.async.WebAsyncManagerIntegrationFilter@63b3c9ef, org.springframework.security.web.context.SecurityContextPersistenceFilter@2130710, org.springframework.security.web.header.HeaderWriterFilter@4a8b538e, org.springframework.security.web.authentication.logout.LogoutFilter@656c4ff8, org.springframework.security.web.savedrequest.RequestCacheAwareFilter@75c5c547, org.springframework.security.web.servletapi.SecurityContextHolderAwareRequestFilter@5a6f94d1, org.springframework.security.web.authentication.AnonymousAuthenticationFilter@1a47b39f, org.springframework.security.web.session.SessionManagementFilter@543a28f7, org.springframework.security.web.access.ExceptionTranslationFilter@17eb4a5b, org.springframework.security.web.access.intercept.FilterSecurityInterceptor@7a9505d9]
2025-08-13 12:07:50.509  WARN 88258 --- [    Test worker] JpaBaseConfiguration$JpaWebConfiguration : spring.jpa.open-in-view is enabled by default. Therefore, database queries may be performed during view rendering. Explicitly configure spring.jpa.open-in-view to disable this warning
2025-08-13 12:07:50.709  INFO 88258 --- [    Test worker] o.s.b.a.h2.H2ConsoleAutoConfiguration    : H2 console available at '/h2-console'. Database available at 'jdbc:h2:mem:testdb'
2025-08-13 12:07:50.970  INFO 88258 --- [    Test worker] com.example.demo.DemoApplicationTest     : Started DemoApplicationTest in 3.68 seconds (JVM running for 4.86)
]]></system-out>
  <system-err><![CDATA[]]></system-err>
</testsuite>
