<?xml version="1.0" encoding="UTF-8"?>
<testsuite name="com.example.demo.service.GoogleAuthServiceTest" tests="7" skipped="0" failures="0" errors="0" timestamp="2025-08-13T03:07:52" hostname="m-nakamura-ggs-local.local" time="0.529">
  <properties/>
  <testcase name="testExchangeCodeForTokensWithNullCodeVerifier()" classname="com.example.demo.service.GoogleAuthServiceTest" time="0.001"/>
  <testcase name="testInputValidation()" classname="com.example.demo.service.GoogleAuthServiceTest" time="0.525"/>
  <testcase name="testVerifyIdTokenWithEmptyToken()" classname="com.example.demo.service.GoogleAuthServiceTest" time="0.0"/>
  <testcase name="testExchangeCodeForTokensWithNullCode()" classname="com.example.demo.service.GoogleAuthServiceTest" time="0.001"/>
  <testcase name="testVerifyIdTokenWithNullNonce()" classname="com.example.demo.service.GoogleAuthServiceTest" time="0.0"/>
  <testcase name="testVerifyIdTokenWithNullToken()" classname="com.example.demo.service.GoogleAuthServiceTest" time="0.001"/>
  <testcase name="testExchangeCodeForTokensWithEmptyCode()" classname="com.example.demo.service.GoogleAuthServiceTest" time="0.0"/>
  <system-out><![CDATA[]]></system-out>
  <system-err><![CDATA[]]></system-err>
</testsuite>
