<?xml version="1.0" encoding="UTF-8"?>
<testsuite name="com.example.demo.controller.AuthControllerTest" tests="5" skipped="0" failures="0" errors="0" timestamp="2025-08-13T03:07:51" hostname="m-nakamura-ggs-local.local" time="0.319">
  <properties/>
  <testcase name="testHandleCallbackNullState()" classname="com.example.demo.controller.AuthControllerTest" time="0.121"/>
  <testcase name="testHandleCallbackNoSession()" classname="com.example.demo.controller.AuthControllerTest" time="0.005"/>
  <testcase name="testHandleCallbackServiceException()" classname="com.example.demo.controller.AuthControllerTest" time="0.019"/>
  <testcase name="testHandleCallbackSuccess()" classname="com.example.demo.controller.AuthControllerTest" time="0.165"/>
  <testcase name="testHandleCallbackInvalidState()" classname="com.example.demo.controller.AuthControllerTest" time="0.005"/>
  <system-out><![CDATA[2025-08-13 12:07:51.051  INFO 88258 --- [    Test worker] .b.t.a.w.s.WebMvcTestContextBootstrapper : Neither @ContextConfiguration nor @ContextHierarchy found for test class [com.example.demo.controller.AuthControllerTest], using SpringBootContextLoader
2025-08-13 12:07:51.052  INFO 88258 --- [    Test worker] o.s.t.c.support.AbstractContextLoader    : Could not detect default resource locations for test class [com.example.demo.controller.AuthControllerTest]: no resource found for suffixes {-context.xml, Context.groovy}.
2025-08-13 12:07:51.052  INFO 88258 --- [    Test worker] t.c.s.AnnotationConfigContextLoaderUtils : Could not detect default configuration classes for test class [com.example.demo.controller.AuthControllerTest]: AuthControllerTest does not declare any static, non-private, non-final, nested classes annotated with @Configuration.
2025-08-13 12:07:51.078  INFO 88258 --- [    Test worker] .b.t.c.SpringBootTestContextBootstrapper : Found @SpringBootConfiguration com.example.demo.DemoApplication for test class com.example.demo.controller.AuthControllerTest
2025-08-13 12:07:51.080  INFO 88258 --- [    Test worker] .b.t.a.w.s.WebMvcTestContextBootstrapper : Loaded default TestExecutionListener class names from location [META-INF/spring.factories]: [org.springframework.security.test.context.support.WithSecurityContextTestExecutionListener, org.springframework.security.test.context.support.ReactorContextTestExecutionListener, org.springframework.boot.test.autoconfigure.restdocs.RestDocsTestExecutionListener, org.springframework.boot.test.autoconfigure.web.client.MockRestServiceServerResetTestExecutionListener, org.springframework.boot.test.autoconfigure.web.servlet.MockMvcPrintOnlyOnFailureTestExecutionListener, org.springframework.boot.test.autoconfigure.web.servlet.WebDriverTestExecutionListener, org.springframework.boot.test.autoconfigure.webservices.client.MockWebServiceServerTestExecutionListener, org.springframework.boot.test.mock.mockito.MockitoTestExecutionListener, org.springframework.boot.test.mock.mockito.ResetMocksTestExecutionListener, org.springframework.test.context.web.ServletTestExecutionListener, org.springframework.test.context.support.DirtiesContextBeforeModesTestExecutionListener, org.springframework.test.context.event.ApplicationEventsTestExecutionListener, org.springframework.test.context.support.DependencyInjectionTestExecutionListener, org.springframework.test.context.support.DirtiesContextTestExecutionListener, org.springframework.test.context.transaction.TransactionalTestExecutionListener, org.springframework.test.context.jdbc.SqlScriptsTestExecutionListener, org.springframework.test.context.event.EventPublishingTestExecutionListener]
2025-08-13 12:07:51.081  INFO 88258 --- [    Test worker] .b.t.a.w.s.WebMvcTestContextBootstrapper : Using TestExecutionListeners: [org.springframework.test.context.web.ServletTestExecutionListener@1e7b3812, org.springframework.test.context.support.DirtiesContextBeforeModesTestExecutionListener@7d82607c, org.springframework.test.context.event.ApplicationEventsTestExecutionListener@2e5bf9a2, org.springframework.boot.test.mock.mockito.MockitoTestExecutionListener@4ef708fd, org.springframework.boot.test.autoconfigure.SpringBootDependencyInjectionTestExecutionListener@90b0299, org.springframework.test.context.support.DirtiesContextTestExecutionListener@67e41244, org.springframework.test.context.transaction.TransactionalTestExecutionListener@168371f3, org.springframework.test.context.jdbc.SqlScriptsTestExecutionListener@6045233e, org.springframework.security.test.context.support.WithSecurityContextTestExecutionListener@318bfa65, org.springframework.test.context.event.EventPublishingTestExecutionListener@763aa822, org.springframework.security.test.context.support.ReactorContextTestExecutionListener@7b3b43ff, org.springframework.boot.test.autoconfigure.restdocs.RestDocsTestExecutionListener@322ec375, org.springframework.boot.test.autoconfigure.web.client.MockRestServiceServerResetTestExecutionListener@5c984f87, org.springframework.boot.test.autoconfigure.web.servlet.MockMvcPrintOnlyOnFailureTestExecutionListener@7f40978e, org.springframework.boot.test.autoconfigure.web.servlet.WebDriverTestExecutionListener@5ec50722, org.springframework.boot.test.autoconfigure.webservices.client.MockWebServiceServerTestExecutionListener@1ab442e4, org.springframework.boot.test.mock.mockito.ResetMocksTestExecutionListener@44ec242]

  .   ____          _            __ _ _
 /\\ / ___'_ __ _ _(_)_ __  __ _ \ \ \ \
( ( )\___ | '_ | '_| | '_ \/ _` | \ \ \ \
 \\/  ___)| |_)| | | | | || (_| |  ) ) ) )
  '  |____| .__|_| |_|_| |_\__, | / / / /
 =========|_|==============|___/=/_/_/_/
 :: Spring Boot ::               (v2.7.15)

2025-08-13 12:07:51.100  INFO 88258 --- [    Test worker] c.e.demo.controller.AuthControllerTest   : Starting AuthControllerTest using Java 1.8.0_442 on m-nakamura-ggs-local.local with PID 88258 (started by m-nakamura-ggs-local in /Users/m-nakamura-ggs-local/github/m-nakamura.ggs/OAuthWithJavaSample/google-login-project/backend)
2025-08-13 12:07:51.100  INFO 88258 --- [    Test worker] c.e.demo.controller.AuthControllerTest   : No active profile set, falling back to 1 default profile: "default"
2025-08-13 12:07:51.447  WARN 88258 --- [    Test worker] .s.s.UserDetailsServiceAutoConfiguration : 

Using generated security password: 20205014-4041-43fb-b2ba-87119c5b764a

This generated password is for development use only. Your security configuration must be updated before running your application in production.

2025-08-13 12:07:51.510  INFO 88258 --- [    Test worker] o.s.s.web.DefaultSecurityFilterChain     : Will secure any request with [org.springframework.security.web.session.DisableEncodeUrlFilter@31ce44d0, org.springframework.security.web.context.request.async.WebAsyncManagerIntegrationFilter@18b43161, org.springframework.security.web.context.SecurityContextPersistenceFilter@50dd7208, org.springframework.security.web.header.HeaderWriterFilter@44d5b826, org.springframework.security.web.csrf.CsrfFilter@fd9e5dc, org.springframework.security.web.authentication.logout.LogoutFilter@3c5c903f, org.springframework.security.web.authentication.UsernamePasswordAuthenticationFilter@12025bdd, org.springframework.security.web.authentication.ui.DefaultLoginPageGeneratingFilter@75374874, org.springframework.security.web.authentication.ui.DefaultLogoutPageGeneratingFilter@3080e6df, org.springframework.security.web.authentication.www.BasicAuthenticationFilter@565fc860, org.springframework.security.web.savedrequest.RequestCacheAwareFilter@a2dd2ea, org.springframework.security.web.servletapi.SecurityContextHolderAwareRequestFilter@63505f01, org.springframework.security.web.authentication.AnonymousAuthenticationFilter@447198ee, org.springframework.security.web.session.SessionManagementFilter@4e25265, org.springframework.security.web.access.ExceptionTranslationFilter@306d58e9, org.springframework.security.web.access.intercept.FilterSecurityInterceptor@4936c5b1]
2025-08-13 12:07:51.550  INFO 88258 --- [    Test worker] o.s.b.t.m.w.SpringBootMockServletContext : Initializing Spring TestDispatcherServlet ''
2025-08-13 12:07:51.550  INFO 88258 --- [    Test worker] o.s.t.web.servlet.TestDispatcherServlet  : Initializing Servlet ''
2025-08-13 12:07:51.551  INFO 88258 --- [    Test worker] o.s.t.web.servlet.TestDispatcherServlet  : Completed initialization in 1 ms
2025-08-13 12:07:51.560  INFO 88258 --- [    Test worker] c.e.demo.controller.AuthControllerTest   : Started AuthControllerTest in 0.477 seconds (JVM running for 5.449)
]]></system-out>
  <system-err><![CDATA[]]></system-err>
</testsuite>
