<?xml version="1.0" encoding="UTF-8"?>
<testsuite name="com.example.demo.repository.UserIdentityRepositoryTest" tests="3" skipped="0" failures="0" errors="0" timestamp="2025-08-13T03:07:52" hostname="m-nakamura-ggs-local.local" time="0.215">
  <properties/>
  <testcase name="testFindByProviderNameAndProviderUserId()" classname="com.example.demo.repository.UserIdentityRepositoryTest" time="0.183"/>
  <testcase name="testSaveUserIdentity()" classname="com.example.demo.repository.UserIdentityRepositoryTest" time="0.026"/>
  <testcase name="testFindByProviderNameAndProviderUserIdNotFound()" classname="com.example.demo.repository.UserIdentityRepositoryTest" time="0.006"/>
  <system-out><![CDATA[2025-08-13 12:07:51.895  INFO 88258 --- [    Test worker] b.t.a.o.j.DataJpaTestContextBootstrapper : Neither @ContextConfiguration nor @ContextHierarchy found for test class [com.example.demo.repository.UserIdentityRepositoryTest], using SpringBootContextLoader
2025-08-13 12:07:51.896  INFO 88258 --- [    Test worker] o.s.t.c.support.AbstractContextLoader    : Could not detect default resource locations for test class [com.example.demo.repository.UserIdentityRepositoryTest]: no resource found for suffixes {-context.xml, Context.groovy}.
2025-08-13 12:07:51.896  INFO 88258 --- [    Test worker] t.c.s.AnnotationConfigContextLoaderUtils : Could not detect default configuration classes for test class [com.example.demo.repository.UserIdentityRepositoryTest]: UserIdentityRepositoryTest does not declare any static, non-private, non-final, nested classes annotated with @Configuration.
2025-08-13 12:07:51.906  INFO 88258 --- [    Test worker] .b.t.c.SpringBootTestContextBootstrapper : Found @SpringBootConfiguration com.example.demo.DemoApplication for test class com.example.demo.repository.UserIdentityRepositoryTest
2025-08-13 12:07:51.906  INFO 88258 --- [    Test worker] b.t.a.o.j.DataJpaTestContextBootstrapper : Loaded default TestExecutionListener class names from location [META-INF/spring.factories]: [org.springframework.security.test.context.support.WithSecurityContextTestExecutionListener, org.springframework.security.test.context.support.ReactorContextTestExecutionListener, org.springframework.boot.test.autoconfigure.restdocs.RestDocsTestExecutionListener, org.springframework.boot.test.autoconfigure.web.client.MockRestServiceServerResetTestExecutionListener, org.springframework.boot.test.autoconfigure.web.servlet.MockMvcPrintOnlyOnFailureTestExecutionListener, org.springframework.boot.test.autoconfigure.web.servlet.WebDriverTestExecutionListener, org.springframework.boot.test.autoconfigure.webservices.client.MockWebServiceServerTestExecutionListener, org.springframework.boot.test.mock.mockito.MockitoTestExecutionListener, org.springframework.boot.test.mock.mockito.ResetMocksTestExecutionListener, org.springframework.test.context.web.ServletTestExecutionListener, org.springframework.test.context.support.DirtiesContextBeforeModesTestExecutionListener, org.springframework.test.context.event.ApplicationEventsTestExecutionListener, org.springframework.test.context.support.DependencyInjectionTestExecutionListener, org.springframework.test.context.support.DirtiesContextTestExecutionListener, org.springframework.test.context.transaction.TransactionalTestExecutionListener, org.springframework.test.context.jdbc.SqlScriptsTestExecutionListener, org.springframework.test.context.event.EventPublishingTestExecutionListener]
2025-08-13 12:07:51.907  INFO 88258 --- [    Test worker] b.t.a.o.j.DataJpaTestContextBootstrapper : Using TestExecutionListeners: [org.springframework.test.context.web.ServletTestExecutionListener@55f2ea0d, org.springframework.test.context.support.DirtiesContextBeforeModesTestExecutionListener@6575524a, org.springframework.test.context.event.ApplicationEventsTestExecutionListener@72dbb87, org.springframework.boot.test.mock.mockito.MockitoTestExecutionListener@2c53a2e7, org.springframework.boot.test.autoconfigure.SpringBootDependencyInjectionTestExecutionListener@6e3397e2, org.springframework.test.context.support.DirtiesContextTestExecutionListener@211b7f6c, org.springframework.test.context.transaction.TransactionalTestExecutionListener@4b80194b, org.springframework.test.context.jdbc.SqlScriptsTestExecutionListener@7af5de46, org.springframework.security.test.context.support.WithSecurityContextTestExecutionListener@88bca7d, org.springframework.test.context.event.EventPublishingTestExecutionListener@7211341f, org.springframework.security.test.context.support.ReactorContextTestExecutionListener@39903157, org.springframework.boot.test.autoconfigure.restdocs.RestDocsTestExecutionListener@6dc3cfcd, org.springframework.boot.test.autoconfigure.web.client.MockRestServiceServerResetTestExecutionListener@3b4d282a, org.springframework.boot.test.autoconfigure.web.servlet.MockMvcPrintOnlyOnFailureTestExecutionListener@40074290, org.springframework.boot.test.autoconfigure.web.servlet.WebDriverTestExecutionListener@7825d94e, org.springframework.boot.test.autoconfigure.webservices.client.MockWebServiceServerTestExecutionListener@b6bcc20, org.springframework.boot.test.mock.mockito.ResetMocksTestExecutionListener@59b5a91f]

  .   ____          _            __ _ _
 /\\ / ___'_ __ _ _(_)_ __  __ _ \ \ \ \
( ( )\___ | '_ | '_| | '_ \/ _` | \ \ \ \
 \\/  ___)| |_)| | | | | || (_| |  ) ) ) )
  '  |____| .__|_| |_|_| |_\__, | / / / /
 =========|_|==============|___/=/_/_/_/
 :: Spring Boot ::               (v2.7.15)

2025-08-13 12:07:51.925  INFO 88258 --- [    Test worker] c.e.d.r.UserIdentityRepositoryTest       : Starting UserIdentityRepositoryTest using Java 1.8.0_442 on m-nakamura-ggs-local.local with PID 88258 (started by m-nakamura-ggs-local in /Users/m-nakamura-ggs-local/github/m-nakamura.ggs/OAuthWithJavaSample/google-login-project/backend)
2025-08-13 12:07:51.925  INFO 88258 --- [    Test worker] c.e.d.r.UserIdentityRepositoryTest       : No active profile set, falling back to 1 default profile: "default"
2025-08-13 12:07:51.963  INFO 88258 --- [    Test worker] .s.d.r.c.RepositoryConfigurationDelegate : Bootstrapping Spring Data JPA repositories in DEFAULT mode.
2025-08-13 12:07:51.968  INFO 88258 --- [    Test worker] .s.d.r.c.RepositoryConfigurationDelegate : Finished Spring Data repository scanning in 5 ms. Found 2 JPA repository interfaces.
2025-08-13 12:07:51.974  INFO 88258 --- [    Test worker] beddedDataSourceBeanFactoryPostProcessor : Replacing 'dataSource' DataSource bean with embedded version
2025-08-13 12:07:51.999  INFO 88258 --- [    Test worker] o.s.j.d.e.EmbeddedDatabaseFactory        : Starting embedded database: url='jdbc:h2:mem:848941d7-2ce8-435b-ad02-9238fcf2fec4;DB_CLOSE_DELAY=-1;DB_CLOSE_ON_EXIT=false', username='sa'
2025-08-13 12:07:52.025  INFO 88258 --- [    Test worker] o.hibernate.jpa.internal.util.LogHelper  : HHH000204: Processing PersistenceUnitInfo [name: default]
2025-08-13 12:07:52.028  INFO 88258 --- [    Test worker] org.hibernate.dialect.Dialect            : HHH000400: Using dialect: org.hibernate.dialect.H2Dialect
Hibernate: create table user_identities (id varchar(255) not null, access_token_expires_at timestamp, encrypted_access_token varchar(255), encrypted_refresh_token varchar(255), provider_name varchar(255), provider_user_id varchar(255), user_id varchar(255) not null, primary key (id))
Hibernate: create table users (id varchar(255) not null, created_at timestamp, display_name varchar(255), profile_image_url varchar(255), primary key (id))
Hibernate: alter table user_identities add constraint FKl8i188j5rgpteq6erbt6x1h0m foreign key (user_id) references users
2025-08-13 12:07:52.054  INFO 88258 --- [    Test worker] o.h.e.t.j.p.i.JtaPlatformInitiator       : HHH000490: Using JtaPlatform implementation: [org.hibernate.engine.transaction.jta.platform.internal.NoJtaPlatform]
2025-08-13 12:07:52.054  INFO 88258 --- [    Test worker] j.LocalContainerEntityManagerFactoryBean : Initialized JPA EntityManagerFactory for persistence unit 'default'
2025-08-13 12:07:52.114  INFO 88258 --- [    Test worker] c.e.d.r.UserIdentityRepositoryTest       : Started UserIdentityRepositoryTest in 0.206 seconds (JVM running for 6.004)
2025-08-13 12:07:52.123  INFO 88258 --- [    Test worker] o.s.t.c.transaction.TransactionContext   : Began transaction (1) for test context [DefaultTestContext@6257c495 testClass = UserIdentityRepositoryTest, testInstance = com.example.demo.repository.UserIdentityRepositoryTest@7e4a7401, testMethod = testFindByProviderNameAndProviderUserId@UserIdentityRepositoryTest, testException = [null], mergedContextConfiguration = [MergedContextConfiguration@49aa6f7 testClass = UserIdentityRepositoryTest, locations = '{}', classes = '{class com.example.demo.DemoApplication}', contextInitializerClasses = '[]', activeProfiles = '{}', propertySourceLocations = '{}', propertySourceProperties = '{org.springframework.boot.test.autoconfigure.orm.jpa.DataJpaTestContextBootstrapper=true}', contextCustomizers = set[org.springframework.boot.test.autoconfigure.OverrideAutoConfigurationContextCustomizerFactory$DisableAutoConfigurationContextCustomizer@1ece13a3, org.springframework.boot.test.autoconfigure.actuate.metrics.MetricsExportContextCustomizerFactory$DisableMetricExportContextCustomizer@68e5c7ae, org.springframework.boot.test.autoconfigure.filter.TypeExcludeFiltersContextCustomizer@351584c0, org.springframework.boot.test.autoconfigure.properties.PropertyMappingContextCustomizer@af7453af, org.springframework.boot.test.autoconfigure.web.servlet.WebDriverContextCustomizerFactory$Customizer@66451058, [ImportsContextCustomizer@6a2f20f9 key = [org.springframework.boot.autoconfigure.cache.CacheAutoConfiguration, org.springframework.boot.autoconfigure.data.jpa.JpaRepositoriesAutoConfiguration, org.springframework.boot.autoconfigure.flyway.FlywayAutoConfiguration, org.springframework.boot.autoconfigure.jdbc.DataSourceAutoConfiguration, org.springframework.boot.autoconfigure.jdbc.DataSourceTransactionManagerAutoConfiguration, org.springframework.boot.autoconfigure.jdbc.JdbcTemplateAutoConfiguration, org.springframework.boot.autoconfigure.liquibase.LiquibaseAutoConfiguration, org.springframework.boot.autoconfigure.orm.jpa.HibernateJpaAutoConfiguration, org.springframework.boot.autoconfigure.sql.init.SqlInitializationAutoConfiguration, org.springframework.boot.autoconfigure.transaction.TransactionAutoConfiguration, org.springframework.boot.test.autoconfigure.jdbc.TestDatabaseAutoConfiguration, org.springframework.boot.test.autoconfigure.orm.jpa.TestEntityManagerAutoConfiguration]], org.springframework.boot.test.context.filter.ExcludeFilterContextCustomizer@2baac4a7, org.springframework.boot.test.json.DuplicateJsonObjectContextCustomizerFactory$DuplicateJsonObjectContextCustomizer@2450256f, org.springframework.boot.test.mock.mockito.MockitoContextCustomizer@0, org.springframework.boot.test.context.SpringBootTestArgs@1, org.springframework.boot.test.context.SpringBootTestWebEnvironment@0], contextLoader = 'org.springframework.boot.test.context.SpringBootContextLoader', parent = [null]], attributes = map['org.springframework.test.context.event.ApplicationEventsTestExecutionListener.recordApplicationEvents' -> false]]; transaction manager [org.springframework.orm.jpa.JpaTransactionManager@a528d8a]; rollback [true]
Hibernate: insert into users (created_at, display_name, profile_image_url, id) values (?, ?, ?, ?)
Hibernate: insert into user_identities (access_token_expires_at, encrypted_access_token, encrypted_refresh_token, provider_name, provider_user_id, user_id, id) values (?, ?, ?, ?, ?, ?, ?)
Hibernate: select useridenti0_.id as id1_0_, useridenti0_.access_token_expires_at as access_t2_0_, useridenti0_.encrypted_access_token as encrypte3_0_, useridenti0_.encrypted_refresh_token as encrypte4_0_, useridenti0_.provider_name as provider5_0_, useridenti0_.provider_user_id as provider6_0_, useridenti0_.user_id as user_id7_0_ from user_identities useridenti0_ where useridenti0_.provider_name=? and useridenti0_.provider_user_id=?
2025-08-13 12:07:52.298  INFO 88258 --- [    Test worker] o.s.t.c.transaction.TransactionContext   : Rolled back transaction for test: [DefaultTestContext@6257c495 testClass = UserIdentityRepositoryTest, testInstance = com.example.demo.repository.UserIdentityRepositoryTest@7e4a7401, testMethod = testFindByProviderNameAndProviderUserId@UserIdentityRepositoryTest, testException = [null], mergedContextConfiguration = [MergedContextConfiguration@49aa6f7 testClass = UserIdentityRepositoryTest, locations = '{}', classes = '{class com.example.demo.DemoApplication}', contextInitializerClasses = '[]', activeProfiles = '{}', propertySourceLocations = '{}', propertySourceProperties = '{org.springframework.boot.test.autoconfigure.orm.jpa.DataJpaTestContextBootstrapper=true}', contextCustomizers = set[org.springframework.boot.test.autoconfigure.OverrideAutoConfigurationContextCustomizerFactory$DisableAutoConfigurationContextCustomizer@1ece13a3, org.springframework.boot.test.autoconfigure.actuate.metrics.MetricsExportContextCustomizerFactory$DisableMetricExportContextCustomizer@68e5c7ae, org.springframework.boot.test.autoconfigure.filter.TypeExcludeFiltersContextCustomizer@351584c0, org.springframework.boot.test.autoconfigure.properties.PropertyMappingContextCustomizer@af7453af, org.springframework.boot.test.autoconfigure.web.servlet.WebDriverContextCustomizerFactory$Customizer@66451058, [ImportsContextCustomizer@6a2f20f9 key = [org.springframework.boot.autoconfigure.cache.CacheAutoConfiguration, org.springframework.boot.autoconfigure.data.jpa.JpaRepositoriesAutoConfiguration, org.springframework.boot.autoconfigure.flyway.FlywayAutoConfiguration, org.springframework.boot.autoconfigure.jdbc.DataSourceAutoConfiguration, org.springframework.boot.autoconfigure.jdbc.DataSourceTransactionManagerAutoConfiguration, org.springframework.boot.autoconfigure.jdbc.JdbcTemplateAutoConfiguration, org.springframework.boot.autoconfigure.liquibase.LiquibaseAutoConfiguration, org.springframework.boot.autoconfigure.orm.jpa.HibernateJpaAutoConfiguration, org.springframework.boot.autoconfigure.sql.init.SqlInitializationAutoConfiguration, org.springframework.boot.autoconfigure.transaction.TransactionAutoConfiguration, org.springframework.boot.test.autoconfigure.jdbc.TestDatabaseAutoConfiguration, org.springframework.boot.test.autoconfigure.orm.jpa.TestEntityManagerAutoConfiguration]], org.springframework.boot.test.context.filter.ExcludeFilterContextCustomizer@2baac4a7, org.springframework.boot.test.json.DuplicateJsonObjectContextCustomizerFactory$DuplicateJsonObjectContextCustomizer@2450256f, org.springframework.boot.test.mock.mockito.MockitoContextCustomizer@0, org.springframework.boot.test.context.SpringBootTestArgs@1, org.springframework.boot.test.context.SpringBootTestWebEnvironment@0], contextLoader = 'org.springframework.boot.test.context.SpringBootContextLoader', parent = [null]], attributes = map['org.springframework.test.context.event.ApplicationEventsTestExecutionListener.recordApplicationEvents' -> false]]
2025-08-13 12:07:52.301  INFO 88258 --- [    Test worker] o.s.t.c.transaction.TransactionContext   : Began transaction (1) for test context [DefaultTestContext@6257c495 testClass = UserIdentityRepositoryTest, testInstance = com.example.demo.repository.UserIdentityRepositoryTest@1bad6dbd, testMethod = testSaveUserIdentity@UserIdentityRepositoryTest, testException = [null], mergedContextConfiguration = [MergedContextConfiguration@49aa6f7 testClass = UserIdentityRepositoryTest, locations = '{}', classes = '{class com.example.demo.DemoApplication}', contextInitializerClasses = '[]', activeProfiles = '{}', propertySourceLocations = '{}', propertySourceProperties = '{org.springframework.boot.test.autoconfigure.orm.jpa.DataJpaTestContextBootstrapper=true}', contextCustomizers = set[org.springframework.boot.test.autoconfigure.OverrideAutoConfigurationContextCustomizerFactory$DisableAutoConfigurationContextCustomizer@1ece13a3, org.springframework.boot.test.autoconfigure.actuate.metrics.MetricsExportContextCustomizerFactory$DisableMetricExportContextCustomizer@68e5c7ae, org.springframework.boot.test.autoconfigure.filter.TypeExcludeFiltersContextCustomizer@351584c0, org.springframework.boot.test.autoconfigure.properties.PropertyMappingContextCustomizer@af7453af, org.springframework.boot.test.autoconfigure.web.servlet.WebDriverContextCustomizerFactory$Customizer@66451058, [ImportsContextCustomizer@6a2f20f9 key = [org.springframework.boot.autoconfigure.cache.CacheAutoConfiguration, org.springframework.boot.autoconfigure.data.jpa.JpaRepositoriesAutoConfiguration, org.springframework.boot.autoconfigure.flyway.FlywayAutoConfiguration, org.springframework.boot.autoconfigure.jdbc.DataSourceAutoConfiguration, org.springframework.boot.autoconfigure.jdbc.DataSourceTransactionManagerAutoConfiguration, org.springframework.boot.autoconfigure.jdbc.JdbcTemplateAutoConfiguration, org.springframework.boot.autoconfigure.liquibase.LiquibaseAutoConfiguration, org.springframework.boot.autoconfigure.orm.jpa.HibernateJpaAutoConfiguration, org.springframework.boot.autoconfigure.sql.init.SqlInitializationAutoConfiguration, org.springframework.boot.autoconfigure.transaction.TransactionAutoConfiguration, org.springframework.boot.test.autoconfigure.jdbc.TestDatabaseAutoConfiguration, org.springframework.boot.test.autoconfigure.orm.jpa.TestEntityManagerAutoConfiguration]], org.springframework.boot.test.context.filter.ExcludeFilterContextCustomizer@2baac4a7, org.springframework.boot.test.json.DuplicateJsonObjectContextCustomizerFactory$DuplicateJsonObjectContextCustomizer@2450256f, org.springframework.boot.test.mock.mockito.MockitoContextCustomizer@0, org.springframework.boot.test.context.SpringBootTestArgs@1, org.springframework.boot.test.context.SpringBootTestWebEnvironment@0], contextLoader = 'org.springframework.boot.test.context.SpringBootContextLoader', parent = [null]], attributes = map['org.springframework.test.context.event.ApplicationEventsTestExecutionListener.recordApplicationEvents' -> false]]; transaction manager [org.springframework.orm.jpa.JpaTransactionManager@a528d8a]; rollback [true]
Hibernate: select useridenti0_.id as id1_0_0_, useridenti0_.access_token_expires_at as access_t2_0_0_, useridenti0_.encrypted_access_token as encrypte3_0_0_, useridenti0_.encrypted_refresh_token as encrypte4_0_0_, useridenti0_.provider_name as provider5_0_0_, useridenti0_.provider_user_id as provider6_0_0_, useridenti0_.user_id as user_id7_0_0_ from user_identities useridenti0_ where useridenti0_.id=?
Hibernate: insert into users (created_at, display_name, profile_image_url, id) values (?, ?, ?, ?)
Hibernate: insert into user_identities (access_token_expires_at, encrypted_access_token, encrypted_refresh_token, provider_name, provider_user_id, user_id, id) values (?, ?, ?, ?, ?, ?, ?)
2025-08-13 12:07:52.325  INFO 88258 --- [    Test worker] o.s.t.c.transaction.TransactionContext   : Rolled back transaction for test: [DefaultTestContext@6257c495 testClass = UserIdentityRepositoryTest, testInstance = com.example.demo.repository.UserIdentityRepositoryTest@1bad6dbd, testMethod = testSaveUserIdentity@UserIdentityRepositoryTest, testException = [null], mergedContextConfiguration = [MergedContextConfiguration@49aa6f7 testClass = UserIdentityRepositoryTest, locations = '{}', classes = '{class com.example.demo.DemoApplication}', contextInitializerClasses = '[]', activeProfiles = '{}', propertySourceLocations = '{}', propertySourceProperties = '{org.springframework.boot.test.autoconfigure.orm.jpa.DataJpaTestContextBootstrapper=true}', contextCustomizers = set[org.springframework.boot.test.autoconfigure.OverrideAutoConfigurationContextCustomizerFactory$DisableAutoConfigurationContextCustomizer@1ece13a3, org.springframework.boot.test.autoconfigure.actuate.metrics.MetricsExportContextCustomizerFactory$DisableMetricExportContextCustomizer@68e5c7ae, org.springframework.boot.test.autoconfigure.filter.TypeExcludeFiltersContextCustomizer@351584c0, org.springframework.boot.test.autoconfigure.properties.PropertyMappingContextCustomizer@af7453af, org.springframework.boot.test.autoconfigure.web.servlet.WebDriverContextCustomizerFactory$Customizer@66451058, [ImportsContextCustomizer@6a2f20f9 key = [org.springframework.boot.autoconfigure.cache.CacheAutoConfiguration, org.springframework.boot.autoconfigure.data.jpa.JpaRepositoriesAutoConfiguration, org.springframework.boot.autoconfigure.flyway.FlywayAutoConfiguration, org.springframework.boot.autoconfigure.jdbc.DataSourceAutoConfiguration, org.springframework.boot.autoconfigure.jdbc.DataSourceTransactionManagerAutoConfiguration, org.springframework.boot.autoconfigure.jdbc.JdbcTemplateAutoConfiguration, org.springframework.boot.autoconfigure.liquibase.LiquibaseAutoConfiguration, org.springframework.boot.autoconfigure.orm.jpa.HibernateJpaAutoConfiguration, org.springframework.boot.autoconfigure.sql.init.SqlInitializationAutoConfiguration, org.springframework.boot.autoconfigure.transaction.TransactionAutoConfiguration, org.springframework.boot.test.autoconfigure.jdbc.TestDatabaseAutoConfiguration, org.springframework.boot.test.autoconfigure.orm.jpa.TestEntityManagerAutoConfiguration]], org.springframework.boot.test.context.filter.ExcludeFilterContextCustomizer@2baac4a7, org.springframework.boot.test.json.DuplicateJsonObjectContextCustomizerFactory$DuplicateJsonObjectContextCustomizer@2450256f, org.springframework.boot.test.mock.mockito.MockitoContextCustomizer@0, org.springframework.boot.test.context.SpringBootTestArgs@1, org.springframework.boot.test.context.SpringBootTestWebEnvironment@0], contextLoader = 'org.springframework.boot.test.context.SpringBootContextLoader', parent = [null]], attributes = map['org.springframework.test.context.event.ApplicationEventsTestExecutionListener.recordApplicationEvents' -> false]]
2025-08-13 12:07:52.327  INFO 88258 --- [    Test worker] o.s.t.c.transaction.TransactionContext   : Began transaction (1) for test context [DefaultTestContext@6257c495 testClass = UserIdentityRepositoryTest, testInstance = com.example.demo.repository.UserIdentityRepositoryTest@271be952, testMethod = testFindByProviderNameAndProviderUserIdNotFound@UserIdentityRepositoryTest, testException = [null], mergedContextConfiguration = [MergedContextConfiguration@49aa6f7 testClass = UserIdentityRepositoryTest, locations = '{}', classes = '{class com.example.demo.DemoApplication}', contextInitializerClasses = '[]', activeProfiles = '{}', propertySourceLocations = '{}', propertySourceProperties = '{org.springframework.boot.test.autoconfigure.orm.jpa.DataJpaTestContextBootstrapper=true}', contextCustomizers = set[org.springframework.boot.test.autoconfigure.OverrideAutoConfigurationContextCustomizerFactory$DisableAutoConfigurationContextCustomizer@1ece13a3, org.springframework.boot.test.autoconfigure.actuate.metrics.MetricsExportContextCustomizerFactory$DisableMetricExportContextCustomizer@68e5c7ae, org.springframework.boot.test.autoconfigure.filter.TypeExcludeFiltersContextCustomizer@351584c0, org.springframework.boot.test.autoconfigure.properties.PropertyMappingContextCustomizer@af7453af, org.springframework.boot.test.autoconfigure.web.servlet.WebDriverContextCustomizerFactory$Customizer@66451058, [ImportsContextCustomizer@6a2f20f9 key = [org.springframework.boot.autoconfigure.cache.CacheAutoConfiguration, org.springframework.boot.autoconfigure.data.jpa.JpaRepositoriesAutoConfiguration, org.springframework.boot.autoconfigure.flyway.FlywayAutoConfiguration, org.springframework.boot.autoconfigure.jdbc.DataSourceAutoConfiguration, org.springframework.boot.autoconfigure.jdbc.DataSourceTransactionManagerAutoConfiguration, org.springframework.boot.autoconfigure.jdbc.JdbcTemplateAutoConfiguration, org.springframework.boot.autoconfigure.liquibase.LiquibaseAutoConfiguration, org.springframework.boot.autoconfigure.orm.jpa.HibernateJpaAutoConfiguration, org.springframework.boot.autoconfigure.sql.init.SqlInitializationAutoConfiguration, org.springframework.boot.autoconfigure.transaction.TransactionAutoConfiguration, org.springframework.boot.test.autoconfigure.jdbc.TestDatabaseAutoConfiguration, org.springframework.boot.test.autoconfigure.orm.jpa.TestEntityManagerAutoConfiguration]], org.springframework.boot.test.context.filter.ExcludeFilterContextCustomizer@2baac4a7, org.springframework.boot.test.json.DuplicateJsonObjectContextCustomizerFactory$DuplicateJsonObjectContextCustomizer@2450256f, org.springframework.boot.test.mock.mockito.MockitoContextCustomizer@0, org.springframework.boot.test.context.SpringBootTestArgs@1, org.springframework.boot.test.context.SpringBootTestWebEnvironment@0], contextLoader = 'org.springframework.boot.test.context.SpringBootContextLoader', parent = [null]], attributes = map['org.springframework.test.context.event.ApplicationEventsTestExecutionListener.recordApplicationEvents' -> false]]; transaction manager [org.springframework.orm.jpa.JpaTransactionManager@a528d8a]; rollback [true]
Hibernate: select useridenti0_.id as id1_0_, useridenti0_.access_token_expires_at as access_t2_0_, useridenti0_.encrypted_access_token as encrypte3_0_, useridenti0_.encrypted_refresh_token as encrypte4_0_, useridenti0_.provider_name as provider5_0_, useridenti0_.provider_user_id as provider6_0_, useridenti0_.user_id as user_id7_0_ from user_identities useridenti0_ where useridenti0_.provider_name=? and useridenti0_.provider_user_id=?
2025-08-13 12:07:52.331  INFO 88258 --- [    Test worker] o.s.t.c.transaction.TransactionContext   : Rolled back transaction for test: [DefaultTestContext@6257c495 testClass = UserIdentityRepositoryTest, testInstance = com.example.demo.repository.UserIdentityRepositoryTest@271be952, testMethod = testFindByProviderNameAndProviderUserIdNotFound@UserIdentityRepositoryTest, testException = [null], mergedContextConfiguration = [MergedContextConfiguration@49aa6f7 testClass = UserIdentityRepositoryTest, locations = '{}', classes = '{class com.example.demo.DemoApplication}', contextInitializerClasses = '[]', activeProfiles = '{}', propertySourceLocations = '{}', propertySourceProperties = '{org.springframework.boot.test.autoconfigure.orm.jpa.DataJpaTestContextBootstrapper=true}', contextCustomizers = set[org.springframework.boot.test.autoconfigure.OverrideAutoConfigurationContextCustomizerFactory$DisableAutoConfigurationContextCustomizer@1ece13a3, org.springframework.boot.test.autoconfigure.actuate.metrics.MetricsExportContextCustomizerFactory$DisableMetricExportContextCustomizer@68e5c7ae, org.springframework.boot.test.autoconfigure.filter.TypeExcludeFiltersContextCustomizer@351584c0, org.springframework.boot.test.autoconfigure.properties.PropertyMappingContextCustomizer@af7453af, org.springframework.boot.test.autoconfigure.web.servlet.WebDriverContextCustomizerFactory$Customizer@66451058, [ImportsContextCustomizer@6a2f20f9 key = [org.springframework.boot.autoconfigure.cache.CacheAutoConfiguration, org.springframework.boot.autoconfigure.data.jpa.JpaRepositoriesAutoConfiguration, org.springframework.boot.autoconfigure.flyway.FlywayAutoConfiguration, org.springframework.boot.autoconfigure.jdbc.DataSourceAutoConfiguration, org.springframework.boot.autoconfigure.jdbc.DataSourceTransactionManagerAutoConfiguration, org.springframework.boot.autoconfigure.jdbc.JdbcTemplateAutoConfiguration, org.springframework.boot.autoconfigure.liquibase.LiquibaseAutoConfiguration, org.springframework.boot.autoconfigure.orm.jpa.HibernateJpaAutoConfiguration, org.springframework.boot.autoconfigure.sql.init.SqlInitializationAutoConfiguration, org.springframework.boot.autoconfigure.transaction.TransactionAutoConfiguration, org.springframework.boot.test.autoconfigure.jdbc.TestDatabaseAutoConfiguration, org.springframework.boot.test.autoconfigure.orm.jpa.TestEntityManagerAutoConfiguration]], org.springframework.boot.test.context.filter.ExcludeFilterContextCustomizer@2baac4a7, org.springframework.boot.test.json.DuplicateJsonObjectContextCustomizerFactory$DuplicateJsonObjectContextCustomizer@2450256f, org.springframework.boot.test.mock.mockito.MockitoContextCustomizer@0, org.springframework.boot.test.context.SpringBootTestArgs@1, org.springframework.boot.test.context.SpringBootTestWebEnvironment@0], contextLoader = 'org.springframework.boot.test.context.SpringBootContextLoader', parent = [null]], attributes = map['org.springframework.test.context.event.ApplicationEventsTestExecutionListener.recordApplicationEvents' -> false]]
]]></system-out>
  <system-err><![CDATA[]]></system-err>
</testsuite>
