<?xml version="1.0" encoding="UTF-8"?>
<testsuite name="com.example.demo.service.JwtServiceTest" tests="4" skipped="0" failures="0" errors="0" timestamp="2025-08-13T03:07:52" hostname="m-nakamura-ggs-local.local" time="0.028">
  <properties/>
  <testcase name="testGenerateTokenWithEmptyUserId()" classname="com.example.demo.service.JwtServiceTest" time="0.025"/>
  <testcase name="testGenerateToken()" classname="com.example.demo.service.JwtServiceTest" time="0.001"/>
  <testcase name="testGenerateTokenConsistency()" classname="com.example.demo.service.JwtServiceTest" time="0.001"/>
  <testcase name="testGenerateTokenWithNullUser()" classname="com.example.demo.service.JwtServiceTest" time="0.001"/>
  <system-out><![CDATA[]]></system-out>
  <system-err><![CDATA[]]></system-err>
</testsuite>
