<?xml version="1.0" encoding="UTF-8"?>
<testsuite name="com.example.demo.service.UserServiceSimpleTest" tests="2" skipped="0" failures="0" errors="0" timestamp="2025-08-13T03:07:52" hostname="m-nakamura-ggs-local.local" time="0.064">
  <properties/>
  <testcase name="testProcessGoogleUserNewUser()" classname="com.example.demo.service.UserServiceSimpleTest" time="0.063"/>
  <testcase name="testProcessGoogleUserExistingUser()" classname="com.example.demo.service.UserServiceSimpleTest" time="0.001"/>
  <system-out><![CDATA[]]></system-out>
  <system-err><![CDATA[]]></system-err>
</testsuite>
