<?xml version="1.0" encoding="UTF-8"?>
<testsuite name="com.example.demo.dto.CallbackRequestDtoTest" tests="2" skipped="0" failures="0" errors="0" timestamp="2025-08-13T03:07:51" hostname="m-nakamura-ggs-local.local" time="0.005">
  <properties/>
  <testcase name="testCallbackRequestDtoCreation()" classname="com.example.demo.dto.CallbackRequestDtoTest" time="0.005"/>
  <testcase name="testCallbackRequestDtoEqualsAndHashCode()" classname="com.example.demo.dto.CallbackRequestDtoTest" time="0.0"/>
  <system-out><![CDATA[]]></system-out>
  <system-err><![CDATA[]]></system-err>
</testsuite>
